{"/Users/gourav_g/Downloads/mean/photo-sharing-app/server/config/jwtHelper.js": {"path":"/Users/gourav_g/Downloads/mean/photo-sharing-app/server/config/jwtHelper.js","statementMap":{"0":{"start":{"line":1,"column":12},"end":{"line":1,"column":35}},"1":{"start":{"line":3,"column":0},"end":{"line":22,"column":1}},"2":{"start":{"line":5,"column":4},"end":{"line":6,"column":59}},"3":{"start":{"line":6,"column":8},"end":{"line":6,"column":59}},"4":{"start":{"line":8,"column":4},"end":{"line":21,"column":5}},"5":{"start":{"line":9,"column":8},"end":{"line":9,"column":84}},"6":{"start":{"line":11,"column":8},"end":{"line":20,"column":9}},"7":{"start":{"line":13,"column":16},"end":{"line":18,"column":17}},"8":{"start":{"line":14,"column":20},"end":{"line":14,"column":106}},"9":{"start":{"line":16,"column":20},"end":{"line":16,"column":42}},"10":{"start":{"line":17,"column":20},"end":{"line":17,"column":27}}},"fnMap":{"0":{"name":"(anonymous_0)","decl":{"start":{"line":3,"column":32},"end":{"line":3,"column":33}},"loc":{"start":{"line":3,"column":52},"end":{"line":22,"column":1}},"line":3},"1":{"name":"(anonymous_1)","decl":{"start":{"line":12,"column":12},"end":{"line":12,"column":13}},"loc":{"start":{"line":12,"column":30},"end":{"line":19,"column":13}},"line":12}},"branchMap":{"0":{"loc":{"start":{"line":5,"column":4},"end":{"line":6,"column":59}},"type":"if","locations":[{"start":{"line":5,"column":4},"end":{"line":6,"column":59}},{"start":{},"end":{}}],"line":5},"1":{"loc":{"start":{"line":8,"column":4},"end":{"line":21,"column":5}},"type":"if","locations":[{"start":{"line":8,"column":4},"end":{"line":21,"column":5}},{"start":{"line":10,"column":9},"end":{"line":21,"column":5}}],"line":8},"2":{"loc":{"start":{"line":13,"column":16},"end":{"line":18,"column":17}},"type":"if","locations":[{"start":{"line":13,"column":16},"end":{"line":18,"column":17}},{"start":{"line":15,"column":21},"end":{"line":18,"column":17}}],"line":13}},"s":{"0":2,"1":2,"2":1,"3":0,"4":1,"5":1,"6":0,"7":0,"8":0,"9":0,"10":0},"f":{"0":1,"1":0},"b":{"0":[0,1],"1":[1,0],"2":[0,0]},"_coverageSchema":"1a1c01bbd47fc00a2c39e90264f33305004495a9","hash":"5f82d2a823679989f0bd85a22a8fd1b702d36048"}
,"/Users/gourav_g/Downloads/mean/photo-sharing-app/server/controllers/photo.controller.js": {"path":"/Users/gourav_g/Downloads/mean/photo-sharing-app/server/controllers/photo.controller.js","statementMap":{"0":{"start":{"line":1,"column":17},"end":{"line":1,"column":36}},"1":{"start":{"line":2,"column":10},"end":{"line":2,"column":27}},"2":{"start":{"line":3,"column":14},"end":{"line":3,"column":46}},"3":{"start":{"line":6,"column":0},"end":{"line":25,"column":1}},"4":{"start":{"line":7,"column":4},"end":{"line":9,"column":5}},"5":{"start":{"line":8,"column":8},"end":{"line":8,"column":63}},"6":{"start":{"line":10,"column":4},"end":{"line":10,"column":52}},"7":{"start":{"line":11,"column":16},"end":{"line":11,"column":27}},"8":{"start":{"line":12,"column":4},"end":{"line":12,"column":33}},"9":{"start":{"line":13,"column":4},"end":{"line":13,"column":45}},"10":{"start":{"line":14,"column":4},"end":{"line":14,"column":37}},"11":{"start":{"line":15,"column":4},"end":{"line":15,"column":33}},"12":{"start":{"line":16,"column":4},"end":{"line":24,"column":7}},"13":{"start":{"line":17,"column":8},"end":{"line":22,"column":9}},"14":{"start":{"line":19,"column":12},"end":{"line":19,"column":51}},"15":{"start":{"line":21,"column":12},"end":{"line":21,"column":29}},"16":{"start":{"line":28,"column":0},"end":{"line":37,"column":1}},"17":{"start":{"line":29,"column":4},"end":{"line":36,"column":28}},"18":{"start":{"line":31,"column":12},"end":{"line":34,"column":74}},"19":{"start":{"line":32,"column":16},"end":{"line":32,"column":99}},"20":{"start":{"line":34,"column":16},"end":{"line":34,"column":74}},"21":{"start":{"line":39,"column":0},"end":{"line":48,"column":1}},"22":{"start":{"line":40,"column":4},"end":{"line":47,"column":6}},"23":{"start":{"line":42,"column":12},"end":{"line":45,"column":62}},"24":{"start":{"line":43,"column":16},"end":{"line":43,"column":96}},"25":{"start":{"line":45,"column":16},"end":{"line":45,"column":62}}},"fnMap":{"0":{"name":"(anonymous_0)","decl":{"start":{"line":6,"column":24},"end":{"line":6,"column":25}},"loc":{"start":{"line":6,"column":44},"end":{"line":25,"column":1}},"line":6},"1":{"name":"(anonymous_1)","decl":{"start":{"line":16,"column":15},"end":{"line":16,"column":16}},"loc":{"start":{"line":16,"column":29},"end":{"line":24,"column":5}},"line":16},"2":{"name":"(anonymous_2)","decl":{"start":{"line":28,"column":21},"end":{"line":28,"column":22}},"loc":{"start":{"line":28,"column":41},"end":{"line":37,"column":1}},"line":28},"3":{"name":"(anonymous_3)","decl":{"start":{"line":30,"column":8},"end":{"line":30,"column":9}},"loc":{"start":{"line":30,"column":23},"end":{"line":35,"column":9}},"line":30},"4":{"name":"(anonymous_4)","decl":{"start":{"line":39,"column":24},"end":{"line":39,"column":25}},"loc":{"start":{"line":39,"column":43},"end":{"line":48,"column":1}},"line":39},"5":{"name":"(anonymous_5)","decl":{"start":{"line":41,"column":8},"end":{"line":41,"column":9}},"loc":{"start":{"line":41,"column":23},"end":{"line":46,"column":9}},"line":41}},"branchMap":{"0":{"loc":{"start":{"line":7,"column":4},"end":{"line":9,"column":5}},"type":"if","locations":[{"start":{"line":7,"column":4},"end":{"line":9,"column":5}},{"start":{},"end":{}}],"line":7},"1":{"loc":{"start":{"line":17,"column":8},"end":{"line":22,"column":9}},"type":"if","locations":[{"start":{"line":17,"column":8},"end":{"line":22,"column":9}},{"start":{"line":20,"column":13},"end":{"line":22,"column":9}}],"line":17},"2":{"loc":{"start":{"line":31,"column":12},"end":{"line":34,"column":74}},"type":"if","locations":[{"start":{"line":31,"column":12},"end":{"line":34,"column":74}},{"start":{"line":34,"column":16},"end":{"line":34,"column":74}}],"line":31},"3":{"loc":{"start":{"line":42,"column":12},"end":{"line":45,"column":62}},"type":"if","locations":[{"start":{"line":42,"column":12},"end":{"line":45,"column":62}},{"start":{"line":45,"column":16},"end":{"line":45,"column":62}}],"line":42}},"s":{"0":2,"1":2,"2":2,"3":2,"4":1,"5":0,"6":1,"7":1,"8":1,"9":1,"10":1,"11":1,"12":1,"13":1,"14":1,"15":0,"16":2,"17":1,"18":1,"19":0,"20":1,"21":2,"22":1,"23":1,"24":0,"25":1},"f":{"0":1,"1":1,"2":1,"3":1,"4":1,"5":1},"b":{"0":[0,1],"1":[1,0],"2":[0,1],"3":[0,1]},"_coverageSchema":"1a1c01bbd47fc00a2c39e90264f33305004495a9","hash":"2d97df439d5519897b100929c2a2155cb5170c0a"}
,"/Users/gourav_g/Downloads/mean/photo-sharing-app/server/controllers/user.controller.js": {"path":"/Users/gourav_g/Downloads/mean/photo-sharing-app/server/controllers/user.controller.js","statementMap":{"0":{"start":{"line":1,"column":17},"end":{"line":1,"column":36}},"1":{"start":{"line":2,"column":17},"end":{"line":2,"column":36}},"2":{"start":{"line":3,"column":10},"end":{"line":3,"column":27}},"3":{"start":{"line":5,"column":13},"end":{"line":5,"column":44}},"4":{"start":{"line":7,"column":0},"end":{"line":24,"column":1}},"5":{"start":{"line":8,"column":15},"end":{"line":8,"column":25}},"6":{"start":{"line":9,"column":4},"end":{"line":9,"column":38}},"7":{"start":{"line":10,"column":4},"end":{"line":10,"column":32}},"8":{"start":{"line":11,"column":4},"end":{"line":11,"column":38}},"9":{"start":{"line":12,"column":4},"end":{"line":23,"column":7}},"10":{"start":{"line":13,"column":8},"end":{"line":21,"column":9}},"11":{"start":{"line":15,"column":12},"end":{"line":15,"column":92}},"12":{"start":{"line":17,"column":12},"end":{"line":20,"column":33}},"13":{"start":{"line":18,"column":16},"end":{"line":18,"column":73}},"14":{"start":{"line":20,"column":16},"end":{"line":20,"column":33}},"15":{"start":{"line":26,"column":0},"end":{"line":38,"column":1}},"16":{"start":{"line":28,"column":4},"end":{"line":37,"column":23}},"17":{"start":{"line":30,"column":8},"end":{"line":30,"column":24}},"18":{"start":{"line":32,"column":8},"end":{"line":36,"column":47}},"19":{"start":{"line":32,"column":17},"end":{"line":32,"column":50}},"20":{"start":{"line":34,"column":13},"end":{"line":36,"column":47}},"21":{"start":{"line":34,"column":23},"end":{"line":34,"column":84}},"22":{"start":{"line":36,"column":13},"end":{"line":36,"column":47}},"23":{"start":{"line":40,"column":0},"end":{"line":49,"column":1}},"24":{"start":{"line":41,"column":4},"end":{"line":48,"column":6}},"25":{"start":{"line":43,"column":12},"end":{"line":46,"column":109}},"26":{"start":{"line":44,"column":16},"end":{"line":44,"column":98}},"27":{"start":{"line":46,"column":16},"end":{"line":46,"column":109}}},"fnMap":{"0":{"name":"(anonymous_0)","decl":{"start":{"line":7,"column":26},"end":{"line":7,"column":27}},"loc":{"start":{"line":7,"column":46},"end":{"line":24,"column":1}},"line":7},"1":{"name":"(anonymous_1)","decl":{"start":{"line":12,"column":14},"end":{"line":12,"column":15}},"loc":{"start":{"line":12,"column":28},"end":{"line":23,"column":5}},"line":12},"2":{"name":"(anonymous_2)","decl":{"start":{"line":26,"column":30},"end":{"line":26,"column":31}},"loc":{"start":{"line":26,"column":50},"end":{"line":38,"column":1}},"line":26},"3":{"name":"(anonymous_3)","decl":{"start":{"line":28,"column":35},"end":{"line":28,"column":36}},"loc":{"start":{"line":28,"column":56},"end":{"line":37,"column":5}},"line":28},"4":{"name":"(anonymous_4)","decl":{"start":{"line":40,"column":29},"end":{"line":40,"column":30}},"loc":{"start":{"line":40,"column":48},"end":{"line":49,"column":1}},"line":40},"5":{"name":"(anonymous_5)","decl":{"start":{"line":42,"column":8},"end":{"line":42,"column":9}},"loc":{"start":{"line":42,"column":23},"end":{"line":47,"column":9}},"line":42}},"branchMap":{"0":{"loc":{"start":{"line":13,"column":8},"end":{"line":21,"column":9}},"type":"if","locations":[{"start":{"line":13,"column":8},"end":{"line":21,"column":9}},{"start":{"line":16,"column":13},"end":{"line":21,"column":9}}],"line":13},"1":{"loc":{"start":{"line":17,"column":12},"end":{"line":20,"column":33}},"type":"if","locations":[{"start":{"line":17,"column":12},"end":{"line":20,"column":33}},{"start":{"line":20,"column":16},"end":{"line":20,"column":33}}],"line":17},"2":{"loc":{"start":{"line":32,"column":8},"end":{"line":36,"column":47}},"type":"if","locations":[{"start":{"line":32,"column":8},"end":{"line":36,"column":47}},{"start":{"line":34,"column":13},"end":{"line":36,"column":47}}],"line":32},"3":{"loc":{"start":{"line":34,"column":13},"end":{"line":36,"column":47}},"type":"if","locations":[{"start":{"line":34,"column":13},"end":{"line":36,"column":47}},{"start":{"line":36,"column":13},"end":{"line":36,"column":47}}],"line":34},"4":{"loc":{"start":{"line":43,"column":12},"end":{"line":46,"column":109}},"type":"if","locations":[{"start":{"line":43,"column":12},"end":{"line":46,"column":109}},{"start":{"line":46,"column":16},"end":{"line":46,"column":109}}],"line":43}},"s":{"0":2,"1":2,"2":2,"3":2,"4":2,"5":1,"6":1,"7":1,"8":1,"9":1,"10":1,"11":1,"12":0,"13":0,"14":0,"15":2,"16":0,"17":0,"18":0,"19":0,"20":0,"21":0,"22":0,"23":2,"24":0,"25":0,"26":0,"27":0},"f":{"0":1,"1":1,"2":0,"3":0,"4":0,"5":0},"b":{"0":[1,0],"1":[0,0],"2":[0,0],"3":[0,0],"4":[0,0]},"_coverageSchema":"1a1c01bbd47fc00a2c39e90264f33305004495a9","hash":"0da9e22bee35585e627918b0b384153d52e6baab"}
,"/Users/gourav_g/Downloads/mean/photo-sharing-app/server/models/photo.model.js": {"path":"/Users/gourav_g/Downloads/mean/photo-sharing-app/server/models/photo.model.js","statementMap":{"0":{"start":{"line":1,"column":17},"end":{"line":1,"column":36}},"1":{"start":{"line":3,"column":18},"end":{"line":27,"column":2}},"2":{"start":{"line":29,"column":0},"end":{"line":29,"column":54}}},"fnMap":{},"branchMap":{},"s":{"0":2,"1":2,"2":2},"f":{},"b":{},"_coverageSchema":"1a1c01bbd47fc00a2c39e90264f33305004495a9","hash":"f3bf698eefea032f633f661b6edadc0b1621b72d"}
,"/Users/gourav_g/Downloads/mean/photo-sharing-app/server/models/user.model.js": {"path":"/Users/gourav_g/Downloads/mean/photo-sharing-app/server/models/user.model.js","statementMap":{"0":{"start":{"line":1,"column":17},"end":{"line":1,"column":36}},"1":{"start":{"line":2,"column":15},"end":{"line":2,"column":34}},"2":{"start":{"line":3,"column":12},"end":{"line":3,"column":35}},"3":{"start":{"line":5,"column":17},"end":{"line":25,"column":2}},"4":{"start":{"line":28,"column":0},"end":{"line":31,"column":22}},"5":{"start":{"line":29,"column":4},"end":{"line":29,"column":171}},"6":{"start":{"line":30,"column":4},"end":{"line":30,"column":32}},"7":{"start":{"line":34,"column":0},"end":{"line":42,"column":3}},"8":{"start":{"line":35,"column":4},"end":{"line":41,"column":7}},"9":{"start":{"line":36,"column":8},"end":{"line":40,"column":11}},"10":{"start":{"line":37,"column":12},"end":{"line":37,"column":33}},"11":{"start":{"line":38,"column":12},"end":{"line":38,"column":35}},"12":{"start":{"line":39,"column":12},"end":{"line":39,"column":19}},"13":{"start":{"line":46,"column":0},"end":{"line":48,"column":2}},"14":{"start":{"line":47,"column":4},"end":{"line":47,"column":55}},"15":{"start":{"line":50,"column":0},"end":{"line":56,"column":1}},"16":{"start":{"line":51,"column":4},"end":{"line":55,"column":7}},"17":{"start":{"line":60,"column":0},"end":{"line":60,"column":52}}},"fnMap":{"0":{"name":"(anonymous_0)","decl":{"start":{"line":28,"column":34},"end":{"line":28,"column":35}},"loc":{"start":{"line":28,"column":43},"end":{"line":31,"column":1}},"line":28},"1":{"name":"(anonymous_1)","decl":{"start":{"line":34,"column":23},"end":{"line":34,"column":24}},"loc":{"start":{"line":34,"column":39},"end":{"line":42,"column":1}},"line":34},"2":{"name":"(anonymous_2)","decl":{"start":{"line":35,"column":23},"end":{"line":35,"column":24}},"loc":{"start":{"line":35,"column":38},"end":{"line":41,"column":5}},"line":35},"3":{"name":"(anonymous_3)","decl":{"start":{"line":36,"column":41},"end":{"line":36,"column":42}},"loc":{"start":{"line":36,"column":56},"end":{"line":40,"column":9}},"line":36},"4":{"name":"(anonymous_4)","decl":{"start":{"line":46,"column":36},"end":{"line":46,"column":37}},"loc":{"start":{"line":46,"column":56},"end":{"line":48,"column":1}},"line":46},"5":{"name":"(anonymous_5)","decl":{"start":{"line":50,"column":33},"end":{"line":50,"column":34}},"loc":{"start":{"line":50,"column":45},"end":{"line":56,"column":1}},"line":50}},"branchMap":{},"s":{"0":2,"1":2,"2":2,"3":2,"4":2,"5":1,"6":1,"7":2,"8":1,"9":1,"10":1,"11":1,"12":1,"13":2,"14":0,"15":2,"16":0,"17":2},"f":{"0":1,"1":1,"2":1,"3":1,"4":0,"5":0},"b":{},"_coverageSchema":"1a1c01bbd47fc00a2c39e90264f33305004495a9","hash":"274c80c53fa2a0f6020d8779b7e7b879d1d71149"}
,"/Users/gourav_g/Downloads/mean/photo-sharing-app/server/routes/index.router.js": {"path":"/Users/gourav_g/Downloads/mean/photo-sharing-app/server/routes/index.router.js","statementMap":{"0":{"start":{"line":1,"column":16},"end":{"line":1,"column":34}},"1":{"start":{"line":2,"column":15},"end":{"line":2,"column":31}},"2":{"start":{"line":3,"column":15},"end":{"line":3,"column":32}},"3":{"start":{"line":5,"column":14},"end":{"line":20,"column":2}},"4":{"start":{"line":7,"column":6},"end":{"line":7,"column":35}},"5":{"start":{"line":10,"column":6},"end":{"line":10,"column":24}},"6":{"start":{"line":11,"column":21},"end":{"line":11,"column":23}},"7":{"start":{"line":12,"column":6},"end":{"line":14,"column":7}},"8":{"start":{"line":13,"column":8},"end":{"line":13,"column":25}},"9":{"start":{"line":15,"column":6},"end":{"line":17,"column":7}},"10":{"start":{"line":16,"column":8},"end":{"line":16,"column":25}},"11":{"start":{"line":18,"column":6},"end":{"line":18,"column":55}},"12":{"start":{"line":22,"column":13},"end":{"line":22,"column":39}},"13":{"start":{"line":24,"column":17},"end":{"line":24,"column":58}},"14":{"start":{"line":26,"column":18},"end":{"line":26,"column":60}},"15":{"start":{"line":28,"column":18},"end":{"line":28,"column":48}},"16":{"start":{"line":31,"column":0},"end":{"line":31,"column":44}},"17":{"start":{"line":32,"column":0},"end":{"line":32,"column":52}},"18":{"start":{"line":33,"column":0},"end":{"line":33,"column":74}},"19":{"start":{"line":36,"column":0},"end":{"line":36,"column":63}},"20":{"start":{"line":37,"column":0},"end":{"line":37,"column":36}},"21":{"start":{"line":38,"column":0},"end":{"line":38,"column":46}},"22":{"start":{"line":40,"column":0},"end":{"line":40,"column":24}}},"fnMap":{"0":{"name":"(anonymous_0)","decl":{"start":{"line":6,"column":17},"end":{"line":6,"column":18}},"loc":{"start":{"line":6,"column":36},"end":{"line":8,"column":5}},"line":6},"1":{"name":"(anonymous_1)","decl":{"start":{"line":9,"column":14},"end":{"line":9,"column":15}},"loc":{"start":{"line":9,"column":33},"end":{"line":19,"column":5}},"line":9}},"branchMap":{"0":{"loc":{"start":{"line":12,"column":6},"end":{"line":14,"column":7}},"type":"if","locations":[{"start":{"line":12,"column":6},"end":{"line":14,"column":7}},{"start":{},"end":{}}],"line":12},"1":{"loc":{"start":{"line":15,"column":6},"end":{"line":17,"column":7}},"type":"if","locations":[{"start":{"line":15,"column":6},"end":{"line":17,"column":7}},{"start":{},"end":{}}],"line":15}},"s":{"0":2,"1":2,"2":2,"3":2,"4":1,"5":1,"6":1,"7":1,"8":1,"9":1,"10":0,"11":1,"12":2,"13":2,"14":2,"15":2,"16":2,"17":2,"18":2,"19":2,"20":2,"21":2,"22":2},"f":{"0":1,"1":1},"b":{"0":[1,0],"1":[0,1]},"_coverageSchema":"1a1c01bbd47fc00a2c39e90264f33305004495a9","hash":"e99981f7d704d4ef13e8044114f187377ec1704e"}
}
